Сборка начата 4/27/2014 2:36:47 PM.
     1>Проект "C:\Dropbox\Текстовики\Projects\SelectedTextTranslate\SelectedTextTranslate\jsoncpp\makefiles\vs71\test_lib_json.vcxproj" в узле 3 (целевые объекты Build).
     1>ClCompile:
         C:\Program Files (x86)\Microsoft Visual Studio 12.0\VC\bin\CL.exe /c /I../../include /Zi /nologo /W3 /WX- /O2 /Oy- /D WIN32 /D NDEBUG /D _CONSOLE /D _MBCS /Gm- /EHsc /MT /GS /fp:precise /Zc:wchar_t /Zc:forScope /Fo"../../build/vs71/release/test_lib_json\\" /Fd"../../build/vs71/release/test_lib_json\vc120.pdb" /Gd /TP /analyze- /errorReport:prompt ..\..\src\test_lib_json\jsontest.cpp ..\..\src\test_lib_json\main.cpp
         jsontest.cpp
         main.cpp
         Создание кода...
       Link:
         C:\Program Files (x86)\Microsoft Visual Studio 12.0\VC\bin\link.exe /ERRORREPORT:PROMPT /OUT:"../../build/vs71/release/test_lib_json\test_lib_json.exe" /INCREMENTAL:NO /NOLOGO kernel32.lib user32.lib gdi32.lib winspool.lib comdlg32.lib advapi32.lib shell32.lib ole32.lib oleaut32.lib uuid.lib odbc32.lib odbccp32.lib /MANIFEST /MANIFESTUAC:"level='asInvoker' uiAccess='false'" /manifest:embed /DEBUG /PDB:"../../build/vs71/release/test_lib_json\test_lib_json.pdb" /SUBSYSTEM:CONSOLE /OPT:REF /OPT:ICF /TLBID:1 /DYNAMICBASE /NXCOMPAT /IMPLIB:"../../build/vs71/release/test_lib_json\test_lib_json.lib" /MACHINE:X86 /SAFESEH ../../build/vs71/release/test_lib_json\jsontest.obj
         ../../build/vs71/release/test_lib_json\main.obj
         "C:\Dropbox\Текстовики\Projects\SelectedTextTranslate\SelectedTextTranslate\jsoncpp\build\vs71\release\lib_json\lib_json.lib"
     1>main.obj : error LNK2019: ссылка на неразрешенный внешний символ "protected: void __thiscall Json::ValueIteratorBase::increment(void)" (?increment@ValueIteratorBase@Json@@IAEXXZ) в функции "public: class Json::ValueConstIterator & __thiscall Json::ValueConstIterator::operator++(void)" (??EValueConstIterator@Json@@QAEAAV01@XZ)
     1>main.obj : error LNK2019: ссылка на неразрешенный внешний символ "protected: bool __thiscall Json::ValueIteratorBase::isEqual(class Json::ValueIteratorBase const &)const " (?isEqual@ValueIteratorBase@Json@@IBE_NABV12@@Z) в функции "public: bool __thiscall Json::ValueIteratorBase::operator!=(class Json::ValueIteratorBase const &)const " (??9ValueIteratorBase@Json@@QBE_NABV01@@Z)
     1>main.obj : error LNK2001: неразрешенный внешний символ ""public: static int const Json::Value::maxInt" (?maxInt@Value@Json@@2HB)"
     1>../../build/vs71/release/test_lib_json\test_lib_json.exe : fatal error LNK1120: неразрешенных внешних элементов: 3
     1>Сборка проекта "C:\Dropbox\Текстовики\Projects\SelectedTextTranslate\SelectedTextTranslate\jsoncpp\makefiles\vs71\test_lib_json.vcxproj" завершена (целевые объекты Build) с ошибкой.

Ошибка сборки.

Затраченное время: 00:00:03.57
